<?xml version="1.0" encoding="UTF-8"?>
<testsuites name="Gauge Tests" tests="2" failures="0" skipped="0">
  <testcase name="Getting Started with Gauge" time="00:00:13"/>
  <properties>
    <property name="totalSpecs" value="1"/>
    <property name="totalScenarios" value="2"/>
    <property name="passedScenarios" value="1"/>
    <property name="failedScenarios" value="0"/>
    <property name="skippedScenarios" value="0"/>
  </properties>
</testsuites>