<?xml version="1.0" encoding="UTF-8"?>
<testsuites name="Gauge Tests" tests="4" failures="1" skipped="0">
  <testsuite name="Gauge Test Suite" tests="4" failures="1" skipped="0" time="0">
    <testcase name="Verify GET endpoint" classname="specs" time="0"/>
    <testcase name="Verify POST endpoint" classname="specs" time="0"/>
    <testcase name="Verify POST endpoint2" classname="specs" time="0">
      <failure>AssertionError: expected 201 to equal 401</failure>
    </testcase>
    <testcase name="Verify GET endpoint2" classname="specs" time="0"/>
  </testsuite>
</testsuites>